<?xml version="1.0" encoding="UTF-8"?>
<!-- Generated by org.testng.reporters.JUnitReportReporter -->
<testsuite hostname="win764bit" name="testClasses.Testing" tests="2" failures="0" timestamp="5 Aug 2014 21:05:39 GMT" time="0.566" errors="0">
  <testcase name="secondMethod" time="0.044" classname="testClasses.Testing"/>
  <testcase name="f" time="0.522" classname="testClasses.Testing"/>
</testsuite> <!-- testClasses.Testing -->
